<?xml version="1.0" encoding="UTF-8"?>
<!-- Generated by org.testng.reporters.JUnitReportReporter -->
<testsuite hostname="DESKTOP-525GNOE" failures="0" tests="1" name="testCases.TC_005_AddToCartPageTest" time="2.333" errors="0" timestamp="2023-12-28T19:19:07 IST" skipped="0">
  <testcase classname="testCases.TC_005_AddToCartPageTest" name="test_addToCart" time="2.333"/>
</testsuite> <!-- testCases.TC_005_AddToCartPageTest -->
