<?xml version="1.0" encoding="UTF-8"?>
<!-- Generated by org.testng.reporters.JUnitReportReporter -->
<testsuite hostname="DESKTOP-525GNOE" failures="0" tests="1" name="testCases.TC_002_LoginTest" time="4.507" errors="0" timestamp="2023-12-28T19:19:07 IST" skipped="0">
  <testcase classname="testCases.TC_002_LoginTest" name="test_login" time="4.507"/>
</testsuite> <!-- testCases.TC_002_LoginTest -->
